#
# There is insufficient memory for the Java Runtime Environment to continue.
# Native memory allocation (mmap) failed to map 268435456 bytes for G1 virtual space
# Possible reasons:
#   The system is out of physical RAM or swap space
#   The process is running with CompressedOops enabled, and the Java Heap may be blocking the growth of the native heap
# Possible solutions:
#   Reduce memory load on the system
#   Increase physical memory or swap space
#   Check if swap backing store is full
#   Decrease Java heap size (-Xmx/-Xms)
#   Decrease number of Java threads
#   Decrease Java thread stack sizes (-Xss)
#   Set larger code cache with -XX:ReservedCodeCacheSize=
#   JVM is running with Zero Based Compressed Oops mode in which the Java heap is
#     placed in the first 32GB address space. The Java Heap base address is the
#     maximum limit for the native heap growth. Please use -XX:HeapBaseMinAddress
#     to set the Java Heap base and to place the Java Heap above 32GB virtual address.
# This output file may be truncated or incomplete.
#
#  Out of Memory Error (os_windows.cpp:3532), pid=22872, tid=23540
#
# JRE version:  (17.0.2+8) (build )
# Java VM: Java HotSpot(TM) 64-Bit Server VM (17.0.2+8-LTS-86, mixed mode, sharing, tiered, compressed oops, compressed class ptrs, g1 gc, windows-amd64)
# No core dump will be written. Minidumps are not enabled by default on client versions of Windows
#

---------------  S U M M A R Y ------------

Command Line: -Dfile.encoding=windows-1251 D:\ИТМО\2 семестр\Программирование\Практика\Лабораторные работы\Lab3\out\artifacts\Lab3_jar\Lab3.jar

Host: Intel(R) Core(TM) i7-8750H CPU @ 2.20GHz, 12 cores, 15G,  Windows 11 , 64 bit Build 22000 (10.0.22000.613)
Time: Fri Apr 22 18:12:04 2022 RTZ 2 (s 11 , 64 bit Build 22000 (10.0.22000.613) elapsed time: 0.317458 seconds (0d 0h 0m 0s)

---------------  T H R E A D  ---------------

Current thread (0x000001fe1915d240):  JavaThread "Unknown thread" [_thread_in_vm, id=23540, stack(0x0000009b5a700000,0x0000009b5a800000)]

Stack: [0x0000009b5a700000,0x0000009b5a800000]
Native frames: (J=compiled Java code, j=interpreted, Vv=VM code, C=native code)
V  [jvm.dll+0x670baa]
V  [jvm.dll+0x7cfcb4]
V  [jvm.dll+0x7d145e]
V  [jvm.dll+0x7d1ac3]
V  [jvm.dll+0x242bc5]
V  [jvm.dll+0x66dac9]
V  [jvm.dll+0x662412]
V  [jvm.dll+0x300c0b]
V  [jvm.dll+0x3081a6]
V  [jvm.dll+0x357d0e]
V  [jvm.dll+0x357f3f]
V  [jvm.dll+0x2d7ec8]
V  [jvm.dll+0x2d8e34]
V  [jvm.dll+0x7a18c1]
V  [jvm.dll+0x365a91]
V  [jvm.dll+0x780d2c]
V  [jvm.dll+0x3e845f]
V  [jvm.dll+0x3e9f01]
C  [jli.dll+0x527b]
C  [ucrtbase.dll+0x26c0c]
C  [KERNEL32.DLL+0x154e0]
C  [ntdll.dll+0x485b]


---------------  P R O C E S S  ---------------

Threads class SMR info:
_java_thread_list=0x00007ffd51ee9858, length=0, elements={
}

Java Threads: ( => current thread )

Other Threads:
  0x000001fe191ad340 GCTaskThread "GC Thread#0" [stack: 0x0000009b5a800000,0x0000009b5a900000] [id=23804]
  0x000001fe191bf0a0 ConcurrentGCThread "G1 Main Marker" [stack: 0x0000009b5a900000,0x0000009b5aa00000] [id=15080]
  0x000001fe191c0250 ConcurrentGCThread "G1 Conc#0" [stack: 0x0000009b5aa00000,0x0000009b5ab00000] [id=27244]

[error occurred during error reporting (printing all threads), id 0xc0000005, EXCEPTION_ACCESS_VIOLATION (0xc0000005) at pc=0x00007ffd517388a7]

VM state: not at safepoint (not fully initialized)

VM Mutex/Monitor currently owned by a thread:  ([mutex/lock_event])
[0x000001fe191583e0] Heap_lock - owner thread: 0x000001fe1915d240

Heap address: 0x0000000701e00000, size: 4066 MB, Compressed Oops mode: Zero based, Oop shift amount: 3

CDS archive(s) mapped at: [0x0000000000000000-0x0000000000000000-0x0000000000000000), size 0, SharedBaseAddress: 0x0000000800000000, ArchiveRelocationMode: 0.
Narrow klass base: 0x0000000000000000, Narrow klass shift: 0, Narrow klass range: 0x0

GC Precious Log:
<Empty>

Heap:
 garbage-first heap   total 0K, used 0K [0x0000000701e00000, 0x0000000800000000)
  region size 2048K, 0 young (0K), 0 survivors (0K)

[error occurred during error reporting (printing heap information), id 0xc0000005, EXCEPTION_ACCESS_VIOLATION (0xc0000005) at pc=0x00007ffd51b19f19]

GC Heap History (0 events):
No events

Deoptimization events (0 events):
No events

Classes unloaded (0 events):
No events

Classes redefined (0 events):
No events

Internal exceptions (0 events):
No events

VM Operations (0 events):
No events

Events (1 events):
Event: 0.008 Loaded shared library C:\Program Files\Java\jdk-17.0.2\bin\java.dll


Dynamic libraries:
0x00007ff7cb450000 - 0x00007ff7cb460000 	C:\Program Files\Java\jdk-17.0.2\bin\java.exe
0x00007ffd99940000 - 0x00007ffd99b49000 	C:\WINDOWS\SYSTEM32\ntdll.dll
0x00007ffd98320000 - 0x00007ffd983dd000 	C:\WINDOWS\System32\KERNEL32.DLL
0x00007ffd96f80000 - 0x00007ffd972f4000 	C:\WINDOWS\System32\KERNELBASE.dll
0x00007ffd976c0000 - 0x00007ffd977d1000 	C:\WINDOWS\System32\ucrtbase.dll
0x00007ffd93270000 - 0x00007ffd9328a000 	C:\Program Files\Java\jdk-17.0.2\bin\VCRUNTIME140.dll
0x00007ffd89000000 - 0x00007ffd89018000 	C:\Program Files\Java\jdk-17.0.2\bin\jli.dll
0x00007ffd977e0000 - 0x00007ffd9788e000 	C:\WINDOWS\System32\ADVAPI32.dll
0x00007ffd98250000 - 0x00007ffd982f3000 	C:\WINDOWS\System32\msvcrt.dll
0x00007ffd99710000 - 0x00007ffd997ae000 	C:\WINDOWS\System32\sechost.dll
0x00007ffd98880000 - 0x00007ffd989a0000 	C:\WINDOWS\System32\RPCRT4.dll
0x00007ffd98a00000 - 0x00007ffd98bac000 	C:\WINDOWS\System32\USER32.dll
0x00007ffd80d60000 - 0x00007ffd81005000 	C:\WINDOWS\WinSxS\amd64_microsoft.windows.common-controls_6595b64144ccf1df_6.0.22000.120_none_9d947278b86cc467\COMCTL32.dll
0x00007ffd96e30000 - 0x00007ffd96e56000 	C:\WINDOWS\System32\win32u.dll
0x00007ffd97b80000 - 0x00007ffd97ba9000 	C:\WINDOWS\System32\GDI32.dll
0x00007ffd96e60000 - 0x00007ffd96f72000 	C:\WINDOWS\System32\gdi32full.dll
0x00007ffd97300000 - 0x00007ffd9739d000 	C:\WINDOWS\System32\msvcp_win.dll
0x00007ffd8fe80000 - 0x00007ffd8fe8a000 	C:\WINDOWS\SYSTEM32\VERSION.dll
0x00007ffd989a0000 - 0x00007ffd989d1000 	C:\WINDOWS\System32\IMM32.DLL
0x00007ffd93ee0000 - 0x00007ffd93eec000 	C:\Program Files\Java\jdk-17.0.2\bin\vcruntime140_1.dll
0x00007ffd6d1c0000 - 0x00007ffd6d24d000 	C:\Program Files\Java\jdk-17.0.2\bin\msvcp140.dll
0x00007ffd51450000 - 0x00007ffd52011000 	C:\Program Files\Java\jdk-17.0.2\bin\server\jvm.dll
0x00007ffd989e0000 - 0x00007ffd989e8000 	C:\WINDOWS\System32\PSAPI.DLL
0x00007ffd90050000 - 0x00007ffd90083000 	C:\WINDOWS\SYSTEM32\WINMM.dll
0x00007ffd82fe0000 - 0x00007ffd82fe9000 	C:\WINDOWS\SYSTEM32\WSOCK32.dll
0x00007ffd98ca0000 - 0x00007ffd98d0f000 	C:\WINDOWS\System32\WS2_32.dll
0x00007ffd95f60000 - 0x00007ffd95f78000 	C:\WINDOWS\SYSTEM32\kernel.appcore.dll
0x00007ffd8fec0000 - 0x00007ffd8feca000 	C:\Program Files\Java\jdk-17.0.2\bin\jimage.dll
0x00007ffd94900000 - 0x00007ffd94b21000 	C:\WINDOWS\SYSTEM32\DBGHELP.DLL
0x00007ffd8a190000 - 0x00007ffd8a1c1000 	C:\WINDOWS\SYSTEM32\dbgcore.DLL
0x00007ffd973a0000 - 0x00007ffd9741f000 	C:\WINDOWS\System32\bcryptPrimitives.dll
0x00007ffd83680000 - 0x00007ffd836a5000 	C:\Program Files\Java\jdk-17.0.2\bin\java.dll

dbghelp: loaded successfully - version: 4.0.5 - missing functions: none
symbol engine: initialized successfully - sym options: 0x614 - pdb path: .;C:\Program Files\Java\jdk-17.0.2\bin;C:\WINDOWS\SYSTEM32;C:\WINDOWS\WinSxS\amd64_microsoft.windows.common-controls_6595b64144ccf1df_6.0.22000.120_none_9d947278b86cc467;C:\Program Files\Java\jdk-17.0.2\bin\server

VM Arguments:
jvm_args: -Dfile.encoding=windows-1251 
java_command: D:\ИТМО\2 семестр\Программирование\Практика\Лабораторные работы\Lab3\out\artifacts\Lab3_jar\Lab3.jar
java_class_path (initial): D:\ИТМО\2 семестр\Программирование\Практика\Лабораторные работы\Lab3\out\artifacts\Lab3_jar\Lab3.jar
Launcher Type: SUN_STANDARD

[Global flags]
     intx CICompilerCount                          = 4                                         {product} {ergonomic}
     uint ConcGCThreads                            = 3                                         {product} {ergonomic}
     uint G1ConcRefinementThreads                  = 10                                        {product} {ergonomic}
   size_t G1HeapRegionSize                         = 2097152                                   {product} {ergonomic}
    uintx GCDrainStackTargetSize                   = 64                                        {product} {ergonomic}
   size_t InitialHeapSize                          = 268435456                                 {product} {ergonomic}
   size_t MarkStackSize                            = 4194304                                   {product} {ergonomic}
   size_t MaxHeapSize                              = 4263510016                                {product} {ergonomic}
   size_t MinHeapDeltaBytes                        = 2097152                                   {product} {ergonomic}
   size_t MinHeapSize                              = 8388608                                   {product} {ergonomic}
    uintx NonNMethodCodeHeapSize                   = 5839372                                {pd product} {ergonomic}
    uintx NonProfiledCodeHeapSize                  = 122909434                              {pd product} {ergonomic}
    uintx ProfiledCodeHeapSize                     = 122909434                              {pd product} {ergonomic}
    uintx ReservedCodeCacheSize                    = 251658240                              {pd product} {ergonomic}
     bool SegmentedCodeCache                       = true                                      {product} {ergonomic}
   size_t SoftMaxHeapSize                          = 4263510016                             {manageable} {ergonomic}
     bool UseCompressedClassPointers               = true                           {product lp64_product} {ergonomic}
     bool UseCompressedOops                        = true                           {product lp64_product} {ergonomic}
     bool UseG1GC                                  = true                                      {product} {ergonomic}
     bool UseLargePagesIndividualAllocation        = false                                  {pd product} {ergonomic}

Logging:
Log output configuration:
 #0: stdout all=warning uptime,level,tags
 #1: stderr all=off uptime,level,tags

Environment Variables:
PATH=C:\Program Files\Common Files\Oracle\Java\javapath;C:\WINDOWS\system32;C:\WINDOWS;C:\WINDOWS\System32\Wbem;C:\WINDOWS\System32\WindowsPowerShell\v1.0\;C:\WINDOWS\System32\OpenSSH\;C:\Program Files\7-Zip;C:\Program Files\Microsoft SQL Server\130\Tools\Binn\;C:\Program Files\dotnet\;C:\Program Files (x86)\dotnet\;C:\Program Files\NVIDIA Corporation\NVIDIA NvDLISR;C:\Program Files (x86)\NVIDIA Corporation\PhysX\Common;C:\WINDOWS\system32;C:\WINDOWS;C:\WINDOWS\System32\Wbem;C:\WINDOWS\System32\WindowsPowerShell\v1.0\;C:\WINDOWS\System32\OpenSSH\;C:\Program Files\Graphviz\bin;C:\Users\Andrey\AppData\Local\Programs\Python\Python39\Scripts\;C:\Users\Andrey\AppData\Local\Programs\Python\Python39\;C:\Users\Andrey\AppData\Local\Programs\Python\Python37-32\Scripts\;C:\Users\Andrey\AppData\Local\Programs\Python\Python37-32\;C:\Users\Andrey\AppData\Local\Microsoft\WindowsApps;C:\Users\Andrey\.dotnet\tools;C:\Users\Andrey\Multipass\bin;D:\texlive\2021\bin\win32;;D:\Java\Ultimate\IntelliJ IDEA 2022.1\bin;
USERNAME=Andrey
OS=Windows_NT
PROCESSOR_IDENTIFIER=Intel64 Family 6 Model 158 Stepping 10, GenuineIntel



---------------  S Y S T E M  ---------------

OS:
 Windows 11 , 64 bit Build 22000 (10.0.22000.613)
OS uptime: 1 days 16:51 hours
Hyper-V role detected

CPU: total 12 (initial active 12) (6 cores per cpu, 2 threads per core) family 6 model 158 stepping 10 microcode 0xde, cx8, cmov, fxsr, ht, mmx, 3dnowpref, sse, sse2, sse3, ssse3, sse4.1, sse4.2, popcnt, lzcnt, tsc, tscinvbit, avx, avx2, aes, erms, clmul, bmi1, bmi2, adx, fma, vzeroupper, clflush, clflushopt, hv

Memory: 4k page, system-wide physical 16257M (5093M free)
TotalPageFile size 31355M (AvailPageFile size 158M)
current process WorkingSet (physical memory assigned to process): 10M, peak: 10M
current process commit charge ("private bytes"): 64M, peak: 320M

vm_info: Java HotSpot(TM) 64-Bit Server VM (17.0.2+8-LTS-86) for windows-amd64 JRE (17.0.2+8-LTS-86), built on Dec  7 2021 21:51:03 by "mach5one" with MS VC++ 16.8 / 16.9 (VS2019)

END.
