#
# There is insufficient memory for the Java Runtime Environment to continue.
# Native memory allocation (mmap) failed to map 65536 bytes for Failed to commit metaspace.
# Possible reasons:
#   The system is out of physical RAM or swap space
#   The process is running with CompressedOops enabled, and the Java Heap may be blocking the growth of the native heap
# Possible solutions:
#   Reduce memory load on the system
#   Increase physical memory or swap space
#   Check if swap backing store is full
#   Decrease Java heap size (-Xmx/-Xms)
#   Decrease number of Java threads
#   Decrease Java thread stack sizes (-Xss)
#   Set larger code cache with -XX:ReservedCodeCacheSize=
#   JVM is running with Zero Based Compressed Oops mode in which the Java heap is
#     placed in the first 32GB address space. The Java Heap base address is the
#     maximum limit for the native heap growth. Please use -XX:HeapBaseMinAddress
#     to set the Java Heap base and to place the Java Heap above 32GB virtual address.
# This output file may be truncated or incomplete.
#
#  Out of Memory Error (virtualSpaceNode.cpp:110), pid=13088, tid=8360
#
# JRE version: Java(TM) SE Runtime Environment (17.0.2+8) (build 17.0.2+8-LTS-86)
# Java VM: Java HotSpot(TM) 64-Bit Server VM (17.0.2+8-LTS-86, mixed mode, tiered, compressed oops, compressed class ptrs, g1 gc, windows-amd64)
# No core dump will be written. Minidumps are not enabled by default on client versions of Windows
#

---------------  S U M M A R Y ------------

Command Line: -Dfile.encoding=windows-1251 D:\ИТМО\2 семестр\Программирование\Практика\Лабораторные работы\Lab3\out\artifacts\Lab3_jar\Lab3.jar

Host: Intel(R) Core(TM) i7-8750H CPU @ 2.20GHz, 12 cores, 15G,  Windows 11 , 64 bit Build 22000 (10.0.22000.613)
Time: Sun Apr 24 20:26:18 2022 RTZ 2 (s 11 , 64 bit Build 22000 (10.0.22000.613) elapsed time: 0.347962 seconds (0d 0h 0m 0s)

---------------  T H R E A D  ---------------

Current thread (0x00000213b66ed710):  JavaThread "main" [_thread_in_vm, id=8360, stack(0x00000050c3d00000,0x00000050c3e00000)]

Stack: [0x00000050c3d00000,0x00000050c3e00000]
Native frames: (J=compiled Java code, j=interpreted, Vv=VM code, C=native code)
V  [jvm.dll+0x670baa]
V  [jvm.dll+0x7cfcb4]
V  [jvm.dll+0x7d145e]
V  [jvm.dll+0x7d1ac3]
V  [jvm.dll+0x242bc5]
V  [jvm.dll+0x7cbc5b]
V  [jvm.dll+0x616966]
V  [jvm.dll+0x1be3ee]
V  [jvm.dll+0x6192a1]
V  [jvm.dll+0x617306]
V  [jvm.dll+0x367ba2]
V  [jvm.dll+0x1dfadb]
V  [jvm.dll+0x537c59]
V  [jvm.dll+0x1eea37]
V  [jvm.dll+0x74a15b]
V  [jvm.dll+0x74b502]
V  [jvm.dll+0x74b838]
V  [jvm.dll+0x23af1e]
V  [jvm.dll+0x37b2fe]
C  0x00000213bdf6b817

Java frames: (J=compiled Java code, j=interpreted, Vv=VM code)
j  java.util.regex.Pattern.newCharProperty(Ljava/util/regex/Pattern$CharPredicate;)Ljava/util/regex/Pattern$CharProperty;+13 java.base@17.0.2
j  java.util.regex.Pattern.sequence(Ljava/util/regex/Pattern$Node;)Ljava/util/regex/Pattern$Node;+216 java.base@17.0.2
j  java.util.regex.Pattern.expr(Ljava/util/regex/Pattern$Node;)Ljava/util/regex/Pattern$Node;+12 java.base@17.0.2
j  java.util.regex.Pattern.compile()V+222 java.base@17.0.2
j  java.util.regex.Pattern.<init>(Ljava/lang/String;I)V+108 java.base@17.0.2
j  java.util.regex.Pattern.compile(Ljava/lang/String;)Ljava/util/regex/Pattern;+6 java.base@17.0.2
j  java.util.regex.Pattern.matches(Ljava/lang/String;Ljava/lang/CharSequence;)Z+1 java.base@17.0.2
j  java.lang.String.matches(Ljava/lang/String;)Z+2 java.base@17.0.2
j  Objects.Ants.<init>(Ljava/lang/String;LAuxiliary/Status;LAuxiliary/Size;ILjava/lang/String;)V+24
j  Main.Main.main([Ljava/lang/String;)V+39
v  ~StubRoutines::call_stub

---------------  P R O C E S S  ---------------

Threads class SMR info:
_java_thread_list=0x00000213da5b1230, length=12, elements={
0x00000213b66ed710, 0x00000213d984b980, 0x00000213da4426e0, 0x00000213da471370,
0x00000213da4653c0, 0x00000213da466090, 0x00000213da466950, 0x00000213da467540,
0x00000213da46b340, 0x00000213da46bc40, 0x00000213da5dbcb0, 0x00000213da5e81d0
}

Java Threads: ( => current thread )
=>0x00000213b66ed710 JavaThread "main" [_thread_in_vm, id=8360, stack(0x00000050c3d00000,0x00000050c3e00000)]
  0x00000213d984b980 JavaThread "Reference Handler" daemon [_thread_blocked, id=20192, stack(0x00000050c4400000,0x00000050c4500000)]
  0x00000213da4426e0 JavaThread "Finalizer" daemon [_thread_blocked, id=23612, stack(0x00000050c4500000,0x00000050c4600000)]
  0x00000213da471370 JavaThread "Signal Dispatcher" daemon [_thread_blocked, id=1832, stack(0x00000050c4600000,0x00000050c4700000)]
  0x00000213da4653c0 JavaThread "Attach Listener" daemon [_thread_blocked, id=12016, stack(0x00000050c4700000,0x00000050c4800000)]
  0x00000213da466090 JavaThread "Service Thread" daemon [_thread_blocked, id=12304, stack(0x00000050c4800000,0x00000050c4900000)]
  0x00000213da466950 JavaThread "Monitor Deflation Thread" daemon [_thread_blocked, id=17600, stack(0x00000050c4900000,0x00000050c4a00000)]
  0x00000213da467540 JavaThread "C2 CompilerThread0" daemon [_thread_blocked, id=16136, stack(0x00000050c4a00000,0x00000050c4b00000)]
  0x00000213da46b340 JavaThread "C1 CompilerThread0" daemon [_thread_blocked, id=19216, stack(0x00000050c4b00000,0x00000050c4c00000)]
  0x00000213da46bc40 JavaThread "Sweeper thread" daemon [_thread_blocked, id=3064, stack(0x00000050c4c00000,0x00000050c4d00000)]
  0x00000213da5dbcb0 JavaThread "Notification Thread" daemon [_thread_blocked, id=17168, stack(0x00000050c4d00000,0x00000050c4e00000)]
  0x00000213da5e81d0 JavaThread "Common-Cleaner" daemon [_thread_blocked, id=2368, stack(0x00000050c4f00000,0x00000050c5000000)]

Other Threads:
  0x00000213d984a670 VMThread "VM Thread" [stack: 0x00000050c4300000,0x00000050c4400000] [id=19112]
  0x00000213b6764d70 WatcherThread [stack: 0x00000050c4e00000,0x00000050c4f00000] [id=17384]
  0x00000213b673e730 GCTaskThread "GC Thread#0" [stack: 0x00000050c3e00000,0x00000050c3f00000] [id=22820]
  0x00000213b674fba0 ConcurrentGCThread "G1 Main Marker" [stack: 0x00000050c3f00000,0x00000050c4000000] [id=4204]
  0x00000213b6750c60 ConcurrentGCThread "G1 Conc#0" [stack: 0x00000050c4000000,0x00000050c4100000] [id=16736]
  0x00000213b67cd690 ConcurrentGCThread "G1 Refine#0" [stack: 0x00000050c4100000,0x00000050c4200000] [id=11460]
  0x00000213d96e6240 ConcurrentGCThread "G1 Service" [stack: 0x00000050c4200000,0x00000050c4300000] [id=23792]

Threads with active compile tasks:

VM state: not at safepoint (normal execution)

VM Mutex/Monitor currently owned by a thread:  ([mutex/lock_event])
[0x00000213b66e6520] Metaspace_lock - owner thread: 0x00000213b66ed710

Heap address: 0x0000000701e00000, size: 4066 MB, Compressed Oops mode: Zero based, Oop shift amount: 3

CDS archive(s) not mapped
Compressed class space mapped at: 0x0000000800000000-0x0000000840000000, reserved size: 1073741824
Narrow klass base: 0x0000000800000000, Narrow klass shift: 0, Narrow klass range: 0x40000000

GC Precious Log:
 CPUs: 12 total, 12 available
 Memory: 16257M
 Large Page Support: Disabled
 NUMA Support: Disabled
 Compressed Oops: Enabled (Zero based)
 Heap Region Size: 2M
 Heap Min Capacity: 8M
 Heap Initial Capacity: 256M
 Heap Max Capacity: 4066M
 Pre-touch: Disabled
 Parallel Workers: 10
 Concurrent Workers: 3
 Concurrent Refinement Workers: 10
 Periodic GC: Disabled

Heap:
 garbage-first heap   total 262144K, used 2048K [0x0000000701e00000, 0x0000000800000000)
  region size 2048K, 2 young (4096K), 0 survivors (0K)
 Metaspace       used 6053K, committed 6080K, reserved 1056768K
  class space    used 499K, committed 512K, reserved 1048576K

Heap Regions: E=young(eden), S=young(survivor), O=old, HS=humongous(starts), HC=humongous(continues), CS=collection set, F=free, OA=open archive, CA=closed archive, TAMS=top-at-mark-start (previous, next)
|   0|0x0000000701e00000, 0x0000000701e00000, 0x0000000702000000|  0%| F|  |TAMS 0x0000000701e00000, 0x0000000701e00000| Untracked 
|   1|0x0000000702000000, 0x0000000702000000, 0x0000000702200000|  0%| F|  |TAMS 0x0000000702000000, 0x0000000702000000| Untracked 
|   2|0x0000000702200000, 0x0000000702200000, 0x0000000702400000|  0%| F|  |TAMS 0x0000000702200000, 0x0000000702200000| Untracked 
|   3|0x0000000702400000, 0x0000000702400000, 0x0000000702600000|  0%| F|  |TAMS 0x0000000702400000, 0x0000000702400000| Untracked 
|   4|0x0000000702600000, 0x0000000702600000, 0x0000000702800000|  0%| F|  |TAMS 0x0000000702600000, 0x0000000702600000| Untracked 
|   5|0x0000000702800000, 0x0000000702800000, 0x0000000702a00000|  0%| F|  |TAMS 0x0000000702800000, 0x0000000702800000| Untracked 
|   6|0x0000000702a00000, 0x0000000702a00000, 0x0000000702c00000|  0%| F|  |TAMS 0x0000000702a00000, 0x0000000702a00000| Untracked 
|   7|0x0000000702c00000, 0x0000000702c00000, 0x0000000702e00000|  0%| F|  |TAMS 0x0000000702c00000, 0x0000000702c00000| Untracked 
|   8|0x0000000702e00000, 0x0000000702e00000, 0x0000000703000000|  0%| F|  |TAMS 0x0000000702e00000, 0x0000000702e00000| Untracked 
|   9|0x0000000703000000, 0x0000000703000000, 0x0000000703200000|  0%| F|  |TAMS 0x0000000703000000, 0x0000000703000000| Untracked 
|  10|0x0000000703200000, 0x0000000703200000, 0x0000000703400000|  0%| F|  |TAMS 0x0000000703200000, 0x0000000703200000| Untracked 
|  11|0x0000000703400000, 0x0000000703400000, 0x0000000703600000|  0%| F|  |TAMS 0x0000000703400000, 0x0000000703400000| Untracked 
|  12|0x0000000703600000, 0x0000000703600000, 0x0000000703800000|  0%| F|  |TAMS 0x0000000703600000, 0x0000000703600000| Untracked 
|  13|0x0000000703800000, 0x0000000703800000, 0x0000000703a00000|  0%| F|  |TAMS 0x0000000703800000, 0x0000000703800000| Untracked 
|  14|0x0000000703a00000, 0x0000000703a00000, 0x0000000703c00000|  0%| F|  |TAMS 0x0000000703a00000, 0x0000000703a00000| Untracked 
|  15|0x0000000703c00000, 0x0000000703c00000, 0x0000000703e00000|  0%| F|  |TAMS 0x0000000703c00000, 0x0000000703c00000| Untracked 
|  16|0x0000000703e00000, 0x0000000703e00000, 0x0000000704000000|  0%| F|  |TAMS 0x0000000703e00000, 0x0000000703e00000| Untracked 
|  17|0x0000000704000000, 0x0000000704000000, 0x0000000704200000|  0%| F|  |TAMS 0x0000000704000000, 0x0000000704000000| Untracked 
|  18|0x0000000704200000, 0x0000000704200000, 0x0000000704400000|  0%| F|  |TAMS 0x0000000704200000, 0x0000000704200000| Untracked 
|  19|0x0000000704400000, 0x0000000704400000, 0x0000000704600000|  0%| F|  |TAMS 0x0000000704400000, 0x0000000704400000| Untracked 
|  20|0x0000000704600000, 0x0000000704600000, 0x0000000704800000|  0%| F|  |TAMS 0x0000000704600000, 0x0000000704600000| Untracked 
|  21|0x0000000704800000, 0x0000000704800000, 0x0000000704a00000|  0%| F|  |TAMS 0x0000000704800000, 0x0000000704800000| Untracked 
|  22|0x0000000704a00000, 0x0000000704a00000, 0x0000000704c00000|  0%| F|  |TAMS 0x0000000704a00000, 0x0000000704a00000| Untracked 
|  23|0x0000000704c00000, 0x0000000704c00000, 0x0000000704e00000|  0%| F|  |TAMS 0x0000000704c00000, 0x0000000704c00000| Untracked 
|  24|0x0000000704e00000, 0x0000000704e00000, 0x0000000705000000|  0%| F|  |TAMS 0x0000000704e00000, 0x0000000704e00000| Untracked 
|  25|0x0000000705000000, 0x0000000705000000, 0x0000000705200000|  0%| F|  |TAMS 0x0000000705000000, 0x0000000705000000| Untracked 
|  26|0x0000000705200000, 0x0000000705200000, 0x0000000705400000|  0%| F|  |TAMS 0x0000000705200000, 0x0000000705200000| Untracked 
|  27|0x0000000705400000, 0x0000000705400000, 0x0000000705600000|  0%| F|  |TAMS 0x0000000705400000, 0x0000000705400000| Untracked 
|  28|0x0000000705600000, 0x0000000705600000, 0x0000000705800000|  0%| F|  |TAMS 0x0000000705600000, 0x0000000705600000| Untracked 
|  29|0x0000000705800000, 0x0000000705800000, 0x0000000705a00000|  0%| F|  |TAMS 0x0000000705800000, 0x0000000705800000| Untracked 
|  30|0x0000000705a00000, 0x0000000705a00000, 0x0000000705c00000|  0%| F|  |TAMS 0x0000000705a00000, 0x0000000705a00000| Untracked 
|  31|0x0000000705c00000, 0x0000000705c00000, 0x0000000705e00000|  0%| F|  |TAMS 0x0000000705c00000, 0x0000000705c00000| Untracked 
|  32|0x0000000705e00000, 0x0000000705e00000, 0x0000000706000000|  0%| F|  |TAMS 0x0000000705e00000, 0x0000000705e00000| Untracked 
|  33|0x0000000706000000, 0x0000000706000000, 0x0000000706200000|  0%| F|  |TAMS 0x0000000706000000, 0x0000000706000000| Untracked 
|  34|0x0000000706200000, 0x0000000706200000, 0x0000000706400000|  0%| F|  |TAMS 0x0000000706200000, 0x0000000706200000| Untracked 
|  35|0x0000000706400000, 0x0000000706400000, 0x0000000706600000|  0%| F|  |TAMS 0x0000000706400000, 0x0000000706400000| Untracked 
|  36|0x0000000706600000, 0x0000000706600000, 0x0000000706800000|  0%| F|  |TAMS 0x0000000706600000, 0x0000000706600000| Untracked 
|  37|0x0000000706800000, 0x0000000706800000, 0x0000000706a00000|  0%| F|  |TAMS 0x0000000706800000, 0x0000000706800000| Untracked 
|  38|0x0000000706a00000, 0x0000000706a00000, 0x0000000706c00000|  0%| F|  |TAMS 0x0000000706a00000, 0x0000000706a00000| Untracked 
|  39|0x0000000706c00000, 0x0000000706c00000, 0x0000000706e00000|  0%| F|  |TAMS 0x0000000706c00000, 0x0000000706c00000| Untracked 
|  40|0x0000000706e00000, 0x0000000706e00000, 0x0000000707000000|  0%| F|  |TAMS 0x0000000706e00000, 0x0000000706e00000| Untracked 
|  41|0x0000000707000000, 0x0000000707000000, 0x0000000707200000|  0%| F|  |TAMS 0x0000000707000000, 0x0000000707000000| Untracked 
|  42|0x0000000707200000, 0x0000000707200000, 0x0000000707400000|  0%| F|  |TAMS 0x0000000707200000, 0x0000000707200000| Untracked 
|  43|0x0000000707400000, 0x0000000707400000, 0x0000000707600000|  0%| F|  |TAMS 0x0000000707400000, 0x0000000707400000| Untracked 
|  44|0x0000000707600000, 0x0000000707600000, 0x0000000707800000|  0%| F|  |TAMS 0x0000000707600000, 0x0000000707600000| Untracked 
|  45|0x0000000707800000, 0x0000000707800000, 0x0000000707a00000|  0%| F|  |TAMS 0x0000000707800000, 0x0000000707800000| Untracked 
|  46|0x0000000707a00000, 0x0000000707a00000, 0x0000000707c00000|  0%| F|  |TAMS 0x0000000707a00000, 0x0000000707a00000| Untracked 
|  47|0x0000000707c00000, 0x0000000707c00000, 0x0000000707e00000|  0%| F|  |TAMS 0x0000000707c00000, 0x0000000707c00000| Untracked 
|  48|0x0000000707e00000, 0x0000000707e00000, 0x0000000708000000|  0%| F|  |TAMS 0x0000000707e00000, 0x0000000707e00000| Untracked 
|  49|0x0000000708000000, 0x0000000708000000, 0x0000000708200000|  0%| F|  |TAMS 0x0000000708000000, 0x0000000708000000| Untracked 
|  50|0x0000000708200000, 0x0000000708200000, 0x0000000708400000|  0%| F|  |TAMS 0x0000000708200000, 0x0000000708200000| Untracked 
|  51|0x0000000708400000, 0x0000000708400000, 0x0000000708600000|  0%| F|  |TAMS 0x0000000708400000, 0x0000000708400000| Untracked 
|  52|0x0000000708600000, 0x0000000708600000, 0x0000000708800000|  0%| F|  |TAMS 0x0000000708600000, 0x0000000708600000| Untracked 
|  53|0x0000000708800000, 0x0000000708800000, 0x0000000708a00000|  0%| F|  |TAMS 0x0000000708800000, 0x0000000708800000| Untracked 
|  54|0x0000000708a00000, 0x0000000708a00000, 0x0000000708c00000|  0%| F|  |TAMS 0x0000000708a00000, 0x0000000708a00000| Untracked 
|  55|0x0000000708c00000, 0x0000000708c00000, 0x0000000708e00000|  0%| F|  |TAMS 0x0000000708c00000, 0x0000000708c00000| Untracked 
|  56|0x0000000708e00000, 0x0000000708e00000, 0x0000000709000000|  0%| F|  |TAMS 0x0000000708e00000, 0x0000000708e00000| Untracked 
|  57|0x0000000709000000, 0x0000000709000000, 0x0000000709200000|  0%| F|  |TAMS 0x0000000709000000, 0x0000000709000000| Untracked 
|  58|0x0000000709200000, 0x0000000709200000, 0x0000000709400000|  0%| F|  |TAMS 0x0000000709200000, 0x0000000709200000| Untracked 
|  59|0x0000000709400000, 0x0000000709400000, 0x0000000709600000|  0%| F|  |TAMS 0x0000000709400000, 0x0000000709400000| Untracked 
|  60|0x0000000709600000, 0x0000000709600000, 0x0000000709800000|  0%| F|  |TAMS 0x0000000709600000, 0x0000000709600000| Untracked 
|  61|0x0000000709800000, 0x0000000709800000, 0x0000000709a00000|  0%| F|  |TAMS 0x0000000709800000, 0x0000000709800000| Untracked 
|  62|0x0000000709a00000, 0x0000000709a00000, 0x0000000709c00000|  0%| F|  |TAMS 0x0000000709a00000, 0x0000000709a00000| Untracked 
|  63|0x0000000709c00000, 0x0000000709c00000, 0x0000000709e00000|  0%| F|  |TAMS 0x0000000709c00000, 0x0000000709c00000| Untracked 
|  64|0x0000000709e00000, 0x0000000709e00000, 0x000000070a000000|  0%| F|  |TAMS 0x0000000709e00000, 0x0000000709e00000| Untracked 
|  65|0x000000070a000000, 0x000000070a000000, 0x000000070a200000|  0%| F|  |TAMS 0x000000070a000000, 0x000000070a000000| Untracked 
|  66|0x000000070a200000, 0x000000070a200000, 0x000000070a400000|  0%| F|  |TAMS 0x000000070a200000, 0x000000070a200000| Untracked 
|  67|0x000000070a400000, 0x000000070a400000, 0x000000070a600000|  0%| F|  |TAMS 0x000000070a400000, 0x000000070a400000| Untracked 
|  68|0x000000070a600000, 0x000000070a600000, 0x000000070a800000|  0%| F|  |TAMS 0x000000070a600000, 0x000000070a600000| Untracked 
|  69|0x000000070a800000, 0x000000070a800000, 0x000000070aa00000|  0%| F|  |TAMS 0x000000070a800000, 0x000000070a800000| Untracked 
|  70|0x000000070aa00000, 0x000000070aa00000, 0x000000070ac00000|  0%| F|  |TAMS 0x000000070aa00000, 0x000000070aa00000| Untracked 
|  71|0x000000070ac00000, 0x000000070ac00000, 0x000000070ae00000|  0%| F|  |TAMS 0x000000070ac00000, 0x000000070ac00000| Untracked 
|  72|0x000000070ae00000, 0x000000070ae00000, 0x000000070b000000|  0%| F|  |TAMS 0x000000070ae00000, 0x000000070ae00000| Untracked 
|  73|0x000000070b000000, 0x000000070b000000, 0x000000070b200000|  0%| F|  |TAMS 0x000000070b000000, 0x000000070b000000| Untracked 
|  74|0x000000070b200000, 0x000000070b200000, 0x000000070b400000|  0%| F|  |TAMS 0x000000070b200000, 0x000000070b200000| Untracked 
|  75|0x000000070b400000, 0x000000070b400000, 0x000000070b600000|  0%| F|  |TAMS 0x000000070b400000, 0x000000070b400000| Untracked 
|  76|0x000000070b600000, 0x000000070b600000, 0x000000070b800000|  0%| F|  |TAMS 0x000000070b600000, 0x000000070b600000| Untracked 
|  77|0x000000070b800000, 0x000000070b800000, 0x000000070ba00000|  0%| F|  |TAMS 0x000000070b800000, 0x000000070b800000| Untracked 
|  78|0x000000070ba00000, 0x000000070ba00000, 0x000000070bc00000|  0%| F|  |TAMS 0x000000070ba00000, 0x000000070ba00000| Untracked 
|  79|0x000000070bc00000, 0x000000070bc00000, 0x000000070be00000|  0%| F|  |TAMS 0x000000070bc00000, 0x000000070bc00000| Untracked 
|  80|0x000000070be00000, 0x000000070be00000, 0x000000070c000000|  0%| F|  |TAMS 0x000000070be00000, 0x000000070be00000| Untracked 
|  81|0x000000070c000000, 0x000000070c000000, 0x000000070c200000|  0%| F|  |TAMS 0x000000070c000000, 0x000000070c000000| Untracked 
|  82|0x000000070c200000, 0x000000070c200000, 0x000000070c400000|  0%| F|  |TAMS 0x000000070c200000, 0x000000070c200000| Untracked 
|  83|0x000000070c400000, 0x000000070c400000, 0x000000070c600000|  0%| F|  |TAMS 0x000000070c400000, 0x000000070c400000| Untracked 
|  84|0x000000070c600000, 0x000000070c600000, 0x000000070c800000|  0%| F|  |TAMS 0x000000070c600000, 0x000000070c600000| Untracked 
|  85|0x000000070c800000, 0x000000070c800000, 0x000000070ca00000|  0%| F|  |TAMS 0x000000070c800000, 0x000000070c800000| Untracked 
|  86|0x000000070ca00000, 0x000000070ca00000, 0x000000070cc00000|  0%| F|  |TAMS 0x000000070ca00000, 0x000000070ca00000| Untracked 
|  87|0x000000070cc00000, 0x000000070cc00000, 0x000000070ce00000|  0%| F|  |TAMS 0x000000070cc00000, 0x000000070cc00000| Untracked 
|  88|0x000000070ce00000, 0x000000070ce00000, 0x000000070d000000|  0%| F|  |TAMS 0x000000070ce00000, 0x000000070ce00000| Untracked 
|  89|0x000000070d000000, 0x000000070d000000, 0x000000070d200000|  0%| F|  |TAMS 0x000000070d000000, 0x000000070d000000| Untracked 
|  90|0x000000070d200000, 0x000000070d200000, 0x000000070d400000|  0%| F|  |TAMS 0x000000070d200000, 0x000000070d200000| Untracked 
|  91|0x000000070d400000, 0x000000070d400000, 0x000000070d600000|  0%| F|  |TAMS 0x000000070d400000, 0x000000070d400000| Untracked 
|  92|0x000000070d600000, 0x000000070d600000, 0x000000070d800000|  0%| F|  |TAMS 0x000000070d600000, 0x000000070d600000| Untracked 
|  93|0x000000070d800000, 0x000000070d800000, 0x000000070da00000|  0%| F|  |TAMS 0x000000070d800000, 0x000000070d800000| Untracked 
|  94|0x000000070da00000, 0x000000070da00000, 0x000000070dc00000|  0%| F|  |TAMS 0x000000070da00000, 0x000000070da00000| Untracked 
|  95|0x000000070dc00000, 0x000000070dc00000, 0x000000070de00000|  0%| F|  |TAMS 0x000000070dc00000, 0x000000070dc00000| Untracked 
|  96|0x000000070de00000, 0x000000070de00000, 0x000000070e000000|  0%| F|  |TAMS 0x000000070de00000, 0x000000070de00000| Untracked 
|  97|0x000000070e000000, 0x000000070e000000, 0x000000070e200000|  0%| F|  |TAMS 0x000000070e000000, 0x000000070e000000| Untracked 
|  98|0x000000070e200000, 0x000000070e200000, 0x000000070e400000|  0%| F|  |TAMS 0x000000070e200000, 0x000000070e200000| Untracked 
|  99|0x000000070e400000, 0x000000070e400000, 0x000000070e600000|  0%| F|  |TAMS 0x000000070e400000, 0x000000070e400000| Untracked 
| 100|0x000000070e600000, 0x000000070e600000, 0x000000070e800000|  0%| F|  |TAMS 0x000000070e600000, 0x000000070e600000| Untracked 
| 101|0x000000070e800000, 0x000000070e800000, 0x000000070ea00000|  0%| F|  |TAMS 0x000000070e800000, 0x000000070e800000| Untracked 
| 102|0x000000070ea00000, 0x000000070ea00000, 0x000000070ec00000|  0%| F|  |TAMS 0x000000070ea00000, 0x000000070ea00000| Untracked 
| 103|0x000000070ec00000, 0x000000070ec00000, 0x000000070ee00000|  0%| F|  |TAMS 0x000000070ec00000, 0x000000070ec00000| Untracked 
| 104|0x000000070ee00000, 0x000000070ee00000, 0x000000070f000000|  0%| F|  |TAMS 0x000000070ee00000, 0x000000070ee00000| Untracked 
| 105|0x000000070f000000, 0x000000070f000000, 0x000000070f200000|  0%| F|  |TAMS 0x000000070f000000, 0x000000070f000000| Untracked 
| 106|0x000000070f200000, 0x000000070f200000, 0x000000070f400000|  0%| F|  |TAMS 0x000000070f200000, 0x000000070f200000| Untracked 
| 107|0x000000070f400000, 0x000000070f400000, 0x000000070f600000|  0%| F|  |TAMS 0x000000070f400000, 0x000000070f400000| Untracked 
| 108|0x000000070f600000, 0x000000070f600000, 0x000000070f800000|  0%| F|  |TAMS 0x000000070f600000, 0x000000070f600000| Untracked 
| 109|0x000000070f800000, 0x000000070f800000, 0x000000070fa00000|  0%| F|  |TAMS 0x000000070f800000, 0x000000070f800000| Untracked 
| 110|0x000000070fa00000, 0x000000070fa00000, 0x000000070fc00000|  0%| F|  |TAMS 0x000000070fa00000, 0x000000070fa00000| Untracked 
| 111|0x000000070fc00000, 0x000000070fc00000, 0x000000070fe00000|  0%| F|  |TAMS 0x000000070fc00000, 0x000000070fc00000| Untracked 
| 112|0x000000070fe00000, 0x000000070fe00000, 0x0000000710000000|  0%| F|  |TAMS 0x000000070fe00000, 0x000000070fe00000| Untracked 
| 113|0x0000000710000000, 0x0000000710000000, 0x0000000710200000|  0%| F|  |TAMS 0x0000000710000000, 0x0000000710000000| Untracked 
| 114|0x0000000710200000, 0x0000000710200000, 0x0000000710400000|  0%| F|  |TAMS 0x0000000710200000, 0x0000000710200000| Untracked 
| 115|0x0000000710400000, 0x0000000710400000, 0x0000000710600000|  0%| F|  |TAMS 0x0000000710400000, 0x0000000710400000| Untracked 
| 116|0x0000000710600000, 0x0000000710600000, 0x0000000710800000|  0%| F|  |TAMS 0x0000000710600000, 0x0000000710600000| Untracked 
| 117|0x0000000710800000, 0x0000000710800000, 0x0000000710a00000|  0%| F|  |TAMS 0x0000000710800000, 0x0000000710800000| Untracked 
| 118|0x0000000710a00000, 0x0000000710a00000, 0x0000000710c00000|  0%| F|  |TAMS 0x0000000710a00000, 0x0000000710a00000| Untracked 
| 119|0x0000000710c00000, 0x0000000710c00000, 0x0000000710e00000|  0%| F|  |TAMS 0x0000000710c00000, 0x0000000710c00000| Untracked 
| 120|0x0000000710e00000, 0x0000000710e00000, 0x0000000711000000|  0%| F|  |TAMS 0x0000000710e00000, 0x0000000710e00000| Untracked 
| 121|0x0000000711000000, 0x0000000711000000, 0x0000000711200000|  0%| F|  |TAMS 0x0000000711000000, 0x0000000711000000| Untracked 
| 122|0x0000000711200000, 0x0000000711200000, 0x0000000711400000|  0%| F|  |TAMS 0x0000000711200000, 0x0000000711200000| Untracked 
| 123|0x0000000711400000, 0x0000000711400000, 0x0000000711600000|  0%| F|  |TAMS 0x0000000711400000, 0x0000000711400000| Untracked 
| 124|0x0000000711600000, 0x0000000711600000, 0x0000000711800000|  0%| F|  |TAMS 0x0000000711600000, 0x0000000711600000| Untracked 
| 125|0x0000000711800000, 0x0000000711800000, 0x0000000711a00000|  0%| F|  |TAMS 0x0000000711800000, 0x0000000711800000| Untracked 
| 126|0x0000000711a00000, 0x0000000711a71258, 0x0000000711c00000| 22%| E|  |TAMS 0x0000000711a00000, 0x0000000711a00000| Complete 
| 127|0x0000000711c00000, 0x0000000711e00000, 0x0000000711e00000|100%| E|CS|TAMS 0x0000000711c00000, 0x0000000711c00000| Complete 

Card table byte_map: [0x00000213cdcb0000,0x00000213ce4b0000] _byte_map_base: 0x00000213ca4a1000

Marking Bits (Prev, Next): (CMBitMap*) 0x00000213b673ec50, (CMBitMap*) 0x00000213b673ec90
 Prev Bits: [0x00000213cecb0000, 0x00000213d2c38000)
 Next Bits: [0x00000213d2c40000, 0x00000213d6bc8000)

Polling page: 0x00000213b46a0000

Metaspace:

Usage:
  Non-class:      5.42 MB used.
      Class:    499.82 KB used.
       Both:      5.91 MB used.

Virtual space:
  Non-class space:        8.00 MB reserved,       5.44 MB ( 68%) committed,  1 nodes.
      Class space:        1.00 GB reserved,     512.00 KB ( <1%) committed,  1 nodes.
             Both:        1.01 GB reserved,       5.94 MB ( <1%) committed. 

Chunk freelists:
   Non-Class:  2.44 MB
       Class:  3.25 MB
        Both:  5.69 MB

MaxMetaspaceSize: unlimited
CompressedClassSpaceSize: 1.00 GB
Initial GC threshold: 21.00 MB
Current GC threshold: 21.00 MB
CDS: off
MetaspaceReclaimPolicy: balanced
 - commit_granule_bytes: 65536.
 - commit_granule_words: 8192.
 - virtual_space_node_default_size: 1048576.
 - enlarge_chunks_in_place: 1.
 - new_chunks_are_fully_committed: 0.
 - uncommit_free_chunks: 1.
 - use_allocation_guard: 0.
 - handle_deallocations: 1.


Internal statistics:

num_allocs_failed_limit: 0.
num_arena_births: 30.
num_arena_deaths: 0.
num_vsnodes_births: 2.
num_vsnodes_deaths: 0.
num_space_committed: 95.
num_space_uncommitted: 0.
num_chunks_returned_to_freelist: 0.
num_chunks_taken_from_freelist: 46.
num_chunk_merges: 0.
num_chunk_splits: 27.
num_chunks_enlarged: 17.
num_purges: 0.
num_inconsistent_stats: 0.

CodeHeap 'non-profiled nmethods': size=120000Kb used=74Kb max_used=74Kb free=119925Kb
 bounds [0x00000213c5a20000, 0x00000213c5c90000, 0x00000213ccf50000]
CodeHeap 'profiled nmethods': size=120000Kb used=316Kb max_used=316Kb free=119683Kb
 bounds [0x00000213be4f0000, 0x00000213be760000, 0x00000213c5a20000]
CodeHeap 'non-nmethods': size=5760Kb used=1098Kb max_used=1112Kb free=4661Kb
 bounds [0x00000213bdf50000, 0x00000213be1c0000, 0x00000213be4f0000]
 total_blobs=606 nmethods=233 adapters=286
 compilation: enabled
              stopped_count=0, restarted_count=0
 full_count=0

Compilation events (20 events):
Event: 0.309 Thread 0x00000213da46b340 nmethod 213 0x00000213be535110 code [0x00000213be5353e0, 0x00000213be5361e8]
Event: 0.309 Thread 0x00000213da46b340  215       3       java.lang.invoke.LambdaForm$Name::<init> (54 bytes)
Event: 0.309 Thread 0x00000213da46b340 nmethod 215 0x00000213be536710 code [0x00000213be5368c0, 0x00000213be536b98]
Event: 0.309 Thread 0x00000213da46b340  216       1       java.util.zip.Inflater$InflaterZStreamRef::address (5 bytes)
Event: 0.309 Thread 0x00000213da46b340 nmethod 216 0x00000213c5a30710 code [0x00000213c5a308a0, 0x00000213c5a30978]
Event: 0.314 Thread 0x00000213da46b340  218       3       sun.invoke.util.Wrapper::hashPrim (30 bytes)
Event: 0.315 Thread 0x00000213da46b340 nmethod 218 0x00000213be536c90 code [0x00000213be536f20, 0x00000213be537b48]
Event: 0.315 Thread 0x00000213da46b340  219   !   3       java.lang.invoke.MemberName::getMethodType (211 bytes)
Event: 0.316 Thread 0x00000213da46b340 nmethod 219 0x00000213be538010 code [0x00000213be538300, 0x00000213be539918]
Event: 0.316 Thread 0x00000213da46b340  222       3       sun.invoke.util.Wrapper::findPrimitiveType (25 bytes)
Event: 0.317 Thread 0x00000213da46b340 nmethod 222 0x00000213be539f10 code [0x00000213be53a180, 0x00000213be53acc8]
Event: 0.317 Thread 0x00000213da46b340  221       1       java.lang.invoke.MethodTypeForm::erasedType (5 bytes)
Event: 0.318 Thread 0x00000213da46b340 nmethod 221 0x00000213c5a31010 code [0x00000213c5a311a0, 0x00000213c5a31278]
Event: 0.319 Thread 0x00000213da46b340  224       3       sun.invoke.util.Wrapper::forPrimitiveType (49 bytes)
Event: 0.320 Thread 0x00000213da467540  229       4       java.lang.StringLatin1::charAt (28 bytes)
Event: 0.320 Thread 0x00000213da467540 nmethod 229 0x00000213c5a31f10 code [0x00000213c5a32080, 0x00000213c5a32118]
Event: 0.321 Thread 0x00000213da46b340 nmethod 224 0x00000213be53b110 code [0x00000213be53b480, 0x00000213be53c848]
Event: 0.321 Thread 0x00000213da46b340  227       3       java.lang.invoke.MethodType::parameterCount (6 bytes)
Event: 0.321 Thread 0x00000213da46b340 nmethod 227 0x00000213be53cf90 code [0x00000213be53d120, 0x00000213be53d238]
Event: 0.321 Thread 0x00000213da46b340  225       3       sun.invoke.util.VerifyType::isNullConversion (157 bytes)

GC Heap History (0 events):
No events

Deoptimization events (0 events):
No events

Classes unloaded (0 events):
No events

Classes redefined (0 events):
No events

Internal exceptions (0 events):
No events

VM Operations (2 events):
Event: 0.209 Executing VM operation: HandshakeAllThreads
Event: 0.209 Executing VM operation: HandshakeAllThreads done

Events (20 events):
Event: 0.316 loading class jdk/internal/org/objectweb/asm/ConstantDynamic done
Event: 0.316 loading class java/lang/invoke/InfoFromMemberName
Event: 0.316 loading class java/lang/invoke/MethodHandleInfo
Event: 0.316 loading class java/lang/invoke/MethodHandleInfo done
Event: 0.316 loading class java/lang/invoke/InfoFromMemberName done
Event: 0.316 loading class java/lang/invoke/LambdaProxyClassArchive
Event: 0.317 loading class java/lang/invoke/LambdaProxyClassArchive done
Event: 0.317 loading class java/lang/invoke/InnerClassLambdaMetafactory$ForwardingMethodGenerator
Event: 0.317 loading class java/lang/invoke/TypeConvertingMethodAdapter
Event: 0.317 loading class java/lang/invoke/TypeConvertingMethodAdapter done
Event: 0.317 loading class java/lang/invoke/InnerClassLambdaMetafactory$ForwardingMethodGenerator done
Event: 0.317 loading class jdk/internal/org/objectweb/asm/ClassReader
Event: 0.318 loading class jdk/internal/org/objectweb/asm/ClassReader done
Event: 0.319 loading class java/lang/invoke/DirectMethodHandle$Constructor
Event: 0.319 loading class java/lang/invoke/DirectMethodHandle$Constructor done
Event: 0.320 loading class java/lang/invoke/DirectMethodHandle$Interface
Event: 0.320 loading class java/lang/invoke/DirectMethodHandle$Interface done
Event: 0.321 loading class java/util/regex/Pattern$BmpCharProperty
Event: 0.321 loading class java/util/regex/Pattern$CharProperty
Event: 0.321 loading class java/util/regex/Pattern$CharProperty done


Dynamic libraries:
0x00007ff606100000 - 0x00007ff606110000 	C:\Program Files\Java\jdk-17.0.2\bin\java.exe
0x00007ffe56bc0000 - 0x00007ffe56dc9000 	C:\WINDOWS\SYSTEM32\ntdll.dll
0x00007ffe552e0000 - 0x00007ffe5539d000 	C:\WINDOWS\System32\KERNEL32.DLL
0x00007ffe546e0000 - 0x00007ffe54a54000 	C:\WINDOWS\System32\KERNELBASE.dll
0x00007ffe545c0000 - 0x00007ffe546d1000 	C:\WINDOWS\System32\ucrtbase.dll
0x00007ffe4d610000 - 0x00007ffe4d62a000 	C:\Program Files\Java\jdk-17.0.2\bin\VCRUNTIME140.dll
0x00007ffe4d300000 - 0x00007ffe4d318000 	C:\Program Files\Java\jdk-17.0.2\bin\jli.dll
0x00007ffe557c0000 - 0x00007ffe5586e000 	C:\WINDOWS\System32\ADVAPI32.dll
0x00007ffe56140000 - 0x00007ffe561e3000 	C:\WINDOWS\System32\msvcrt.dll
0x00007ffe56540000 - 0x00007ffe565de000 	C:\WINDOWS\System32\sechost.dll
0x00007ffe567a0000 - 0x00007ffe568c0000 	C:\WINDOWS\System32\RPCRT4.dll
0x00007ffe56280000 - 0x00007ffe5642c000 	C:\WINDOWS\System32\USER32.dll
0x00007ffe3bec0000 - 0x00007ffe3c165000 	C:\WINDOWS\WinSxS\amd64_microsoft.windows.common-controls_6595b64144ccf1df_6.0.22000.120_none_9d947278b86cc467\COMCTL32.dll
0x00007ffe540b0000 - 0x00007ffe540d6000 	C:\WINDOWS\System32\win32u.dll
0x00007ffe56020000 - 0x00007ffe56049000 	C:\WINDOWS\System32\GDI32.dll
0x00007ffe544a0000 - 0x00007ffe545b2000 	C:\WINDOWS\System32\gdi32full.dll
0x00007ffe540e0000 - 0x00007ffe5417d000 	C:\WINDOWS\System32\msvcp_win.dll
0x00007ffe4c5d0000 - 0x00007ffe4c5da000 	C:\WINDOWS\SYSTEM32\VERSION.dll
0x00007ffe568c0000 - 0x00007ffe568f1000 	C:\WINDOWS\System32\IMM32.DLL
0x00007ffe50830000 - 0x00007ffe5083c000 	C:\Program Files\Java\jdk-17.0.2\bin\vcruntime140_1.dll
0x00007ffe41790000 - 0x00007ffe4181d000 	C:\Program Files\Java\jdk-17.0.2\bin\msvcp140.dll
0x00007ffdf85e0000 - 0x00007ffdf91a1000 	C:\Program Files\Java\jdk-17.0.2\bin\server\jvm.dll
0x00007ffe54cf0000 - 0x00007ffe54cf8000 	C:\WINDOWS\System32\PSAPI.DLL
0x00007ffe4d110000 - 0x00007ffe4d143000 	C:\WINDOWS\SYSTEM32\WINMM.dll
0x00007ffe3b140000 - 0x00007ffe3b149000 	C:\WINDOWS\SYSTEM32\WSOCK32.dll
0x00007ffe56200000 - 0x00007ffe5626f000 	C:\WINDOWS\System32\WS2_32.dll
0x00007ffe531e0000 - 0x00007ffe531f8000 	C:\WINDOWS\SYSTEM32\kernel.appcore.dll
0x00007ffe506b0000 - 0x00007ffe506ba000 	C:\Program Files\Java\jdk-17.0.2\bin\jimage.dll
0x00007ffe51d20000 - 0x00007ffe51f41000 	C:\WINDOWS\SYSTEM32\DBGHELP.DLL
0x00007ffe3b1d0000 - 0x00007ffe3b201000 	C:\WINDOWS\SYSTEM32\dbgcore.DLL
0x00007ffe542b0000 - 0x00007ffe5432f000 	C:\WINDOWS\System32\bcryptPrimitives.dll
0x00007ffe4d190000 - 0x00007ffe4d1b5000 	C:\Program Files\Java\jdk-17.0.2\bin\java.dll
0x00007ffe29a30000 - 0x00007ffe29b06000 	C:\Program Files\Java\jdk-17.0.2\bin\jsvml.dll
0x00007ffe55870000 - 0x00007ffe5601f000 	C:\WINDOWS\System32\SHELL32.dll
0x00007ffe521b0000 - 0x00007ffe52a18000 	C:\WINDOWS\SYSTEM32\windows.storage.dll
0x00007ffe553c0000 - 0x00007ffe55738000 	C:\WINDOWS\System32\combase.dll
0x00007ffe52040000 - 0x00007ffe521a6000 	C:\WINDOWS\SYSTEM32\wintypes.dll
0x00007ffe551e0000 - 0x00007ffe552ca000 	C:\WINDOWS\System32\SHCORE.dll
0x00007ffe54a60000 - 0x00007ffe54abd000 	C:\WINDOWS\System32\shlwapi.dll
0x00007ffe53fe0000 - 0x00007ffe54001000 	C:\WINDOWS\SYSTEM32\profapi.dll
0x00007ffe4d170000 - 0x00007ffe4d189000 	C:\Program Files\Java\jdk-17.0.2\bin\net.dll
0x00007ffe4c420000 - 0x00007ffe4c52c000 	C:\WINDOWS\SYSTEM32\WINHTTP.dll
0x00007ffe53680000 - 0x00007ffe536e7000 	C:\WINDOWS\system32\mswsock.dll
0x00007ffe4c620000 - 0x00007ffe4c636000 	C:\Program Files\Java\jdk-17.0.2\bin\nio.dll
0x00007ffe4c5e0000 - 0x00007ffe4c5f8000 	C:\Program Files\Java\jdk-17.0.2\bin\zip.dll

dbghelp: loaded successfully - version: 4.0.5 - missing functions: none
symbol engine: initialized successfully - sym options: 0x614 - pdb path: .;C:\Program Files\Java\jdk-17.0.2\bin;C:\WINDOWS\SYSTEM32;C:\WINDOWS\WinSxS\amd64_microsoft.windows.common-controls_6595b64144ccf1df_6.0.22000.120_none_9d947278b86cc467;C:\Program Files\Java\jdk-17.0.2\bin\server

VM Arguments:
jvm_args: -Dfile.encoding=windows-1251 
java_command: D:\ИТМО\2 семестр\Программирование\Практика\Лабораторные работы\Lab3\out\artifacts\Lab3_jar\Lab3.jar
java_class_path (initial): D:\ИТМО\2 семестр\Программирование\Практика\Лабораторные работы\Lab3\out\artifacts\Lab3_jar\Lab3.jar
Launcher Type: SUN_STANDARD

[Global flags]
     intx CICompilerCount                          = 4                                         {product} {ergonomic}
     uint ConcGCThreads                            = 3                                         {product} {ergonomic}
     uint G1ConcRefinementThreads                  = 10                                        {product} {ergonomic}
   size_t G1HeapRegionSize                         = 2097152                                   {product} {ergonomic}
    uintx GCDrainStackTargetSize                   = 64                                        {product} {ergonomic}
   size_t InitialHeapSize                          = 268435456                                 {product} {ergonomic}
   size_t MarkStackSize                            = 4194304                                   {product} {ergonomic}
   size_t MaxHeapSize                              = 4263510016                                {product} {ergonomic}
   size_t MaxNewSize                               = 2556428288                                {product} {ergonomic}
   size_t MinHeapDeltaBytes                        = 2097152                                   {product} {ergonomic}
   size_t MinHeapSize                              = 8388608                                   {product} {ergonomic}
    uintx NonNMethodCodeHeapSize                   = 5839372                                {pd product} {ergonomic}
    uintx NonProfiledCodeHeapSize                  = 122909434                              {pd product} {ergonomic}
    uintx ProfiledCodeHeapSize                     = 122909434                              {pd product} {ergonomic}
    uintx ReservedCodeCacheSize                    = 251658240                              {pd product} {ergonomic}
     bool SegmentedCodeCache                       = true                                      {product} {ergonomic}
   size_t SoftMaxHeapSize                          = 4263510016                             {manageable} {ergonomic}
     bool UseCompressedClassPointers               = true                           {product lp64_product} {ergonomic}
     bool UseCompressedOops                        = true                           {product lp64_product} {ergonomic}
     bool UseG1GC                                  = true                                      {product} {ergonomic}
     bool UseLargePagesIndividualAllocation        = false                                  {pd product} {ergonomic}

Logging:
Log output configuration:
 #0: stdout all=warning uptime,level,tags
 #1: stderr all=off uptime,level,tags

Environment Variables:
PATH=C:\Program Files\Common Files\Oracle\Java\javapath;C:\WINDOWS\system32;C:\WINDOWS;C:\WINDOWS\System32\Wbem;C:\WINDOWS\System32\WindowsPowerShell\v1.0\;C:\WINDOWS\System32\OpenSSH\;C:\Program Files\7-Zip;C:\Program Files\Microsoft SQL Server\130\Tools\Binn\;C:\Program Files\dotnet\;C:\Program Files (x86)\dotnet\;C:\Program Files\NVIDIA Corporation\NVIDIA NvDLISR;C:\Program Files (x86)\NVIDIA Corporation\PhysX\Common;C:\WINDOWS\system32;C:\WINDOWS;C:\WINDOWS\System32\Wbem;C:\WINDOWS\System32\WindowsPowerShell\v1.0\;C:\WINDOWS\System32\OpenSSH\;C:\Program Files\Graphviz\bin;C:\Users\Andrey\AppData\Local\Programs\Python\Python39\Scripts\;C:\Users\Andrey\AppData\Local\Programs\Python\Python39\;C:\Users\Andrey\AppData\Local\Programs\Python\Python37-32\Scripts\;C:\Users\Andrey\AppData\Local\Programs\Python\Python37-32\;C:\Users\Andrey\AppData\Local\Microsoft\WindowsApps;C:\Users\Andrey\.dotnet\tools;C:\Users\Andrey\Multipass\bin;D:\texlive\2021\bin\win32;;D:\Java\Ultimate\IntelliJ IDEA 2022.1\bin;
USERNAME=Andrey
OS=Windows_NT
PROCESSOR_IDENTIFIER=Intel64 Family 6 Model 158 Stepping 10, GenuineIntel



---------------  S Y S T E M  ---------------

OS:
 Windows 11 , 64 bit Build 22000 (10.0.22000.613)
OS uptime: 1 days 6:43 hours
Hyper-V role detected

CPU: total 12 (initial active 12) (6 cores per cpu, 2 threads per core) family 6 model 158 stepping 10 microcode 0xde, cx8, cmov, fxsr, ht, mmx, 3dnowpref, sse, sse2, sse3, ssse3, sse4.1, sse4.2, popcnt, lzcnt, tsc, tscinvbit, avx, avx2, aes, erms, clmul, bmi1, bmi2, adx, fma, vzeroupper, clflush, clflushopt, hv

Memory: 4k page, system-wide physical 16257M (2747M free)
TotalPageFile size 31355M (AvailPageFile size 354M)
current process WorkingSet (physical memory assigned to process): 33M, peak: 33M
current process commit charge ("private bytes"): 343M, peak: 343M

vm_info: Java HotSpot(TM) 64-Bit Server VM (17.0.2+8-LTS-86) for windows-amd64 JRE (17.0.2+8-LTS-86), built on Dec  7 2021 21:51:03 by "mach5one" with MS VC++ 16.8 / 16.9 (VS2019)

END.
